# JRE version: OpenJDK Runtime Environment (21.0.5) (build 21.0.5+-12932927-b750.29)
# Java VM: OpenJDK 64-Bit Server VM (21.0.5+-12932927-b750.29, mixed mode, tiered, compressed oops, compressed class ptrs, g1 gc, windows-amd64)
GC Precious Log:
 CardTable entry size: 512
 Card Set container configuration: InlinePtr #cards 5 size 8 Array Of Cards #cards 12 size 40 Howl #buckets 4 coarsen threshold 1843 Howl Bitmap #cards 512 size 80 coarsen threshold 460 Card regions per heap region 1 cards per card region 2048
 CPUs: 4 total, 4 available
 Memory: 16225M
 Large Page Support: Disabled
 NUMA Support: Disabled
 Compressed Oops: Enabled (32-bit)
 Heap Region Size: 1M
 Heap Min Capacity: 8M
 Heap Initial Capacity: 254M
 Heap Max Capacity: 2G
 Pre-touch: Disabled
 Parallel Workers: 4
 Concurrent Workers: 1
 Concurrent Refinement Workers: 4
 Periodic GC: Disabled
Heap:
 garbage-first heap   total 512000K, used 267312K [0x0000000080000000, 0x0000000100000000)
  region size 1024K, 113 young (115712K), 11 survivors (11264K)
 Metaspace       used 153852K, committed 156288K, reserved 1245184K
  class space    used 20091K, committed 21312K, reserved 1048576K
GC Heap History (20 events):
Event: 35.539 GC heap before
{Heap before GC invocations=51 (full 0):
 garbage-first heap   total 242688K, used 219787K [0x0000000080000000, 0x0000000100000000)
  region size 1024K, 101 young (103424K), 6 survivors (6144K)
 Metaspace       used 118902K, committed 121216K, reserved 1179648K
  class space    used 16286K, committed 17472K, reserved 1048576K
}
Event: 35.550 GC heap after
{Heap after GC invocations=52 (full 0):
 garbage-first heap   total 242688K, used 125653K [0x0000000080000000, 0x0000000100000000)
  region size 1024K, 8 young (8192K), 8 survivors (8192K)
 Metaspace       used 118902K, committed 121216K, reserved 1179648K
  class space    used 16286K, committed 17472K, reserved 1048576K
}
Event: 36.017 GC heap before
{Heap before GC invocations=52 (full 0):
 garbage-first heap   total 242688K, used 218837K [0x0000000080000000, 0x0000000100000000)
  region size 1024K, 100 young (102400K), 8 survivors (8192K)
 Metaspace       used 118956K, committed 121280K, reserved 1179648K
  class space    used 16289K, committed 17472K, reserved 1048576K
}
Event: 36.028 GC heap after
{Heap after GC invocations=53 (full 0):
 garbage-first heap   total 242688K, used 122792K [0x0000000080000000, 0x0000000100000000)
  region size 1024K, 4 young (4096K), 4 survivors (4096K)
 Metaspace       used 118956K, committed 121280K, reserved 1179648K
  class space    used 16289K, committed 17472K, reserved 1048576K
}
Event: 36.593 GC heap before
{Heap before GC invocations=53 (full 0):
 garbage-first heap   total 242688K, used 223144K [0x0000000080000000, 0x0000000100000000)
  region size 1024K, 103 young (105472K), 4 survivors (4096K)
 Metaspace       used 119006K, committed 121344K, reserved 1179648K
  class space    used 16289K, committed 17472K, reserved 1048576K
}
Event: 36.599 GC heap after
{Heap after GC invocations=54 (full 0):
 garbage-first heap   total 242688K, used 123017K [0x0000000080000000, 0x0000000100000000)
  region size 1024K, 5 young (5120K), 5 survivors (5120K)
 Metaspace       used 119006K, committed 121344K, reserved 1179648K
  class space    used 16289K, committed 17472K, reserved 1048576K
}
Event: 37.070 GC heap before
{Heap before GC invocations=55 (full 0):
 garbage-first heap   total 242688K, used 224393K [0x0000000080000000, 0x0000000100000000)
  region size 1024K, 103 young (105472K), 5 survivors (5120K)
 Metaspace       used 119008K, committed 121344K, reserved 1179648K
  class space    used 16289K, committed 17472K, reserved 1048576K
}
Event: 37.079 GC heap after
{Heap after GC invocations=56 (full 0):
 garbage-first heap   total 242688K, used 124614K [0x0000000080000000, 0x0000000100000000)
  region size 1024K, 6 young (6144K), 6 survivors (6144K)
 Metaspace       used 119008K, committed 121344K, reserved 1179648K
  class space    used 16289K, committed 17472K, reserved 1048576K
}
Event: 37.524 GC heap before
{Heap before GC invocations=56 (full 0):
 garbage-first heap   total 242688K, used 224966K [0x0000000080000000, 0x0000000100000000)
  region size 1024K, 102 young (104448K), 6 survivors (6144K)
 Metaspace       used 119027K, committed 121344K, reserved 1179648K
  class space    used 16289K, committed 17472K, reserved 1048576K
}
Event: 37.534 GC heap after
{Heap after GC invocations=57 (full 0):
 garbage-first heap   total 242688K, used 125845K [0x0000000080000000, 0x0000000100000000)
  region size 1024K, 6 young (6144K), 6 survivors (6144K)
 Metaspace       used 119027K, committed 121344K, reserved 1179648K
  class space    used 16289K, committed 17472K, reserved 1048576K
}
Event: 37.714 GC heap before
{Heap before GC invocations=57 (full 0):
 garbage-first heap   total 242688K, used 222101K [0x0000000080000000, 0x0000000100000000)
  region size 1024K, 100 young (102400K), 6 survivors (6144K)
 Metaspace       used 119027K, committed 121344K, reserved 1179648K
  class space    used 16289K, committed 17472K, reserved 1048576K
}
Event: 37.722 GC heap after
{Heap after GC invocations=58 (full 0):
 garbage-first heap   total 242688K, used 126895K [0x0000000080000000, 0x0000000100000000)
  region size 1024K, 7 young (7168K), 7 survivors (7168K)
 Metaspace       used 119027K, committed 121344K, reserved 1179648K
  class space    used 16289K, committed 17472K, reserved 1048576K
}
Event: 38.153 GC heap before
{Heap before GC invocations=59 (full 0):
 garbage-first heap   total 242688K, used 221103K [0x0000000080000000, 0x0000000100000000)
  region size 1024K, 99 young (101376K), 7 survivors (7168K)
 Metaspace       used 119027K, committed 121344K, reserved 1179648K
  class space    used 16289K, committed 17472K, reserved 1048576K
}
Event: 38.163 GC heap after
{Heap after GC invocations=60 (full 0):
 garbage-first heap   total 242688K, used 129198K [0x0000000080000000, 0x0000000100000000)
  region size 1024K, 9 young (9216K), 9 survivors (9216K)
 Metaspace       used 119027K, committed 121344K, reserved 1179648K
  class space    used 16289K, committed 17472K, reserved 1048576K
}
Event: 38.546 GC heap before
{Heap before GC invocations=60 (full 0):
 garbage-first heap   total 242688K, used 221358K [0x0000000080000000, 0x0000000100000000)
  region size 1024K, 97 young (99328K), 9 survivors (9216K)
 Metaspace       used 119093K, committed 121408K, reserved 1179648K
  class space    used 16302K, committed 17472K, reserved 1048576K
}
Event: 38.557 GC heap after
{Heap after GC invocations=61 (full 0):
 garbage-first heap   total 512000K, used 124497K [0x0000000080000000, 0x0000000100000000)
  region size 1024K, 3 young (3072K), 3 survivors (3072K)
 Metaspace       used 119093K, committed 121408K, reserved 1179648K
  class space    used 16302K, committed 17472K, reserved 1048576K
}
Event: 42.091 GC heap before
{Heap before GC invocations=61 (full 0):
 garbage-first heap   total 512000K, used 446033K [0x0000000080000000, 0x0000000100000000)
  region size 1024K, 300 young (307200K), 3 survivors (3072K)
 Metaspace       used 139789K, committed 142144K, reserved 1179648K
  class space    used 18553K, committed 19712K, reserved 1048576K
}
Event: 42.114 GC heap after
{Heap after GC invocations=62 (full 0):
 garbage-first heap   total 512000K, used 149585K [0x0000000080000000, 0x0000000100000000)
  region size 1024K, 23 young (23552K), 23 survivors (23552K)
 Metaspace       used 139789K, committed 142144K, reserved 1179648K
  class space    used 18553K, committed 19712K, reserved 1048576K
}
Event: 69.778 GC heap before
{Heap before GC invocations=62 (full 0):
 garbage-first heap   total 512000K, used 434257K [0x0000000080000000, 0x0000000100000000)
  region size 1024K, 300 young (307200K), 23 survivors (23552K)
 Metaspace       used 150223K, committed 152640K, reserved 1245184K
  class space    used 19809K, committed 20992K, reserved 1048576K
}
Event: 69.801 GC heap after
{Heap after GC invocations=63 (full 0):
 garbage-first heap   total 512000K, used 142384K [0x0000000080000000, 0x0000000100000000)
  region size 1024K, 11 young (11264K), 11 survivors (11264K)
 Metaspace       used 150223K, committed 152640K, reserved 1245184K
  class space    used 19809K, committed 20992K, reserved 1048576K
}

